TN:
SF:src/core/http/http-client.ts
FN:30,HttpClient
FN:35,makeRequest
FN:90,parseResponse
FN:135,get
FN:142,post
FN:162,put
FN:182,delete
FN:189,patch
FN:209,head
FNF:9
FNH:4
FNDA:7,HttpClient
FNDA:7,makeRequest
FNDA:5,parseResponse
FNDA:7,get
FNDA:0,post
FNDA:0,put
FNDA:0,delete
FNDA:0,patch
FNDA:0,head
DA:1,1
DA:2,1
DA:3,1
DA:4,1
DA:5,1
DA:6,1
DA:7,1
DA:8,1
DA:9,1
DA:10,1
DA:11,1
DA:12,1
DA:13,1
DA:14,1
DA:15,1
DA:16,1
DA:17,1
DA:18,1
DA:19,1
DA:20,1
DA:21,1
DA:22,1
DA:23,1
DA:24,1
DA:25,1
DA:26,1
DA:27,1
DA:28,1
DA:29,1
DA:30,1
DA:31,1
DA:32,1
DA:33,1
DA:34,1
DA:35,1
DA:36,7
DA:37,7
DA:38,7
DA:39,7
DA:40,7
DA:41,7
DA:42,7
DA:43,7
DA:44,7
DA:45,7
DA:46,7
DA:47,7
DA:48,7
DA:49,7
DA:50,7
DA:51,7
DA:52,7
DA:53,7
DA:54,7
DA:55,7
DA:56,5
DA:57,5
DA:58,5
DA:59,5
DA:60,5
DA:61,5
DA:62,5
DA:63,7
DA:64,2
DA:65,2
DA:66,1
DA:67,1
DA:68,1
DA:69,1
DA:70,1
DA:71,1
DA:72,2
DA:73,1
DA:74,1
DA:75,1
DA:76,1
DA:77,1
DA:78,2
DA:79,0
DA:80,0
DA:81,0
DA:82,0
DA:83,0
DA:84,0
DA:85,7
DA:86,1
DA:87,1
DA:88,1
DA:89,1
DA:90,1
DA:91,5
DA:92,5
DA:93,5
DA:94,5
DA:95,5
DA:96,5
DA:97,5
DA:98,5
DA:99,5
DA:100,5
DA:101,5
DA:102,5
DA:103,3
DA:104,5
DA:105,2
DA:106,2
DA:107,5
DA:108,0
DA:109,0
DA:110,0
DA:111,5
DA:112,5
DA:113,5
DA:114,5
DA:115,2
DA:116,2
DA:117,1
DA:118,1
DA:119,1
DA:120,1
DA:121,2
DA:122,5
DA:123,5
DA:124,5
DA:125,5
DA:126,5
DA:127,5
DA:128,5
DA:129,5
DA:130,5
DA:131,1
DA:132,1
DA:133,1
DA:134,1
DA:135,1
DA:136,7
DA:137,7
DA:138,1
DA:139,1
DA:140,1
DA:141,1
DA:142,1
DA:143,0
DA:144,0
DA:145,0
DA:146,0
DA:147,0
DA:148,0
DA:149,0
DA:150,0
DA:151,0
DA:152,0
DA:153,0
DA:154,0
DA:155,0
DA:156,0
DA:157,0
DA:158,1
DA:159,1
DA:160,1
DA:161,1
DA:162,1
DA:163,0
DA:164,0
DA:165,0
DA:166,0
DA:167,0
DA:168,0
DA:169,0
DA:170,0
DA:171,0
DA:172,0
DA:173,0
DA:174,0
DA:175,0
DA:176,0
DA:177,0
DA:178,1
DA:179,1
DA:180,1
DA:181,1
DA:182,1
DA:183,0
DA:184,0
DA:185,1
DA:186,1
DA:187,1
DA:188,1
DA:189,1
DA:190,0
DA:191,0
DA:192,0
DA:193,0
DA:194,0
DA:195,0
DA:196,0
DA:197,0
DA:198,0
DA:199,0
DA:200,0
DA:201,0
DA:202,0
DA:203,0
DA:204,0
DA:205,1
DA:206,1
DA:207,1
DA:208,1
DA:209,1
DA:210,0
DA:211,0
DA:212,1
LF:212
LH:154
BRDA:30,0,0,7
BRDA:35,1,0,7
BRDA:38,2,0,0
BRDA:44,3,0,0
BRDA:56,4,0,5
BRDA:63,5,0,2
BRDA:65,6,0,1
BRDA:72,7,0,1
BRDA:79,8,0,0
BRDA:48,9,0,2
BRDA:90,10,0,5
BRDA:100,11,0,0
BRDA:102,12,0,3
BRDA:104,13,0,2
BRDA:107,14,0,0
BRDA:114,15,0,2
BRDA:116,16,0,1
BRDA:117,17,0,0
BRDA:117,18,0,0
BRDA:92,19,0,5
BRDA:135,20,0,7
BRF:21
BRH:14
end_of_record
TN:
SF:src/core/http/retry-handler.ts
FN:30,RetryHandler
FN:37,executeWithRetry
FN:93,executeHttpWithRetry
FN:169,shouldRetry
FN:190,shouldRetryHttpResponse
FN:212,calculateDelay
FN:227,sleep
FN:234,updateConfig
FN:241,getConfig
FNF:9
FNH:7
FNDA:4,RetryHandler
FNDA:2,executeWithRetry
FNDA:2,executeHttpWithRetry
FNDA:2,shouldRetry
FNDA:2,shouldRetryHttpResponse
FNDA:2,calculateDelay
FNDA:2,sleep
FNDA:0,updateConfig
FNDA:0,getConfig
DA:1,1
DA:2,1
DA:3,1
DA:4,1
DA:5,1
DA:6,1
DA:7,1
DA:8,1
DA:9,1
DA:10,1
DA:11,1
DA:12,1
DA:13,1
DA:14,1
DA:15,1
DA:16,1
DA:17,1
DA:18,1
DA:19,1
DA:20,1
DA:21,1
DA:22,1
DA:23,1
DA:24,1
DA:25,1
DA:26,1
DA:27,1
DA:28,1
DA:29,1
DA:30,1
DA:31,4
DA:32,4
DA:33,1
DA:34,1
DA:35,1
DA:36,1
DA:37,1
DA:38,2
DA:39,2
DA:40,2
DA:41,2
DA:42,2
DA:43,2
DA:44,2
DA:45,3
DA:46,3
DA:47,1
DA:48,1
DA:49,1
DA:50,1
DA:51,1
DA:52,1
DA:53,3
DA:54,2
DA:55,2
DA:56,2
DA:57,2
DA:58,1
DA:59,1
DA:60,1
DA:61,1
DA:62,1
DA:63,1
DA:64,1
DA:65,1
DA:66,1
DA:67,1
DA:68,1
DA:69,1
DA:70,1
DA:71,1
DA:72,2
DA:73,0
DA:74,0
DA:75,2
DA:76,3
DA:77,0
DA:78,0
DA:79,0
DA:80,0
DA:81,0
DA:82,0
DA:83,0
DA:84,0
DA:85,0
DA:86,0
DA:87,0
DA:88,1
DA:89,1
DA:90,1
DA:91,1
DA:92,1
DA:93,1
DA:94,2
DA:95,2
DA:96,2
DA:97,2
DA:98,2
DA:99,2
DA:100,2
DA:101,3
DA:102,3
DA:103,3
DA:104,3
DA:105,3
DA:106,1
DA:107,1
DA:108,1
DA:109,1
DA:110,1
DA:111,2
DA:112,2
DA:113,2
DA:114,2
DA:115,3
DA:116,1
DA:117,1
DA:118,1
DA:119,1
DA:120,1
DA:121,1
DA:122,1
DA:123,1
DA:124,1
DA:125,1
DA:126,1
DA:127,1
DA:128,1
DA:129,1
DA:130,3
DA:131,0
DA:132,0
DA:133,0
DA:134,0
DA:135,0
DA:136,3
DA:137,0
DA:138,0
DA:139,0
DA:140,0
DA:141,0
DA:142,0
DA:143,0
DA:144,0
DA:145,0
DA:146,0
DA:147,0
DA:148,0
DA:149,0
DA:150,0
DA:151,0
DA:152,0
DA:153,0
DA:154,3
DA:155,0
DA:156,0
DA:157,0
DA:158,0
DA:159,0
DA:160,0
DA:161,0
DA:162,0
DA:163,2
DA:164,2
DA:165,1
DA:166,1
DA:167,1
DA:168,1
DA:169,1
DA:170,2
DA:171,2
DA:172,2
DA:173,2
DA:174,0
DA:175,0
DA:176,0
DA:177,0
DA:178,0
DA:179,0
DA:180,0
DA:181,0
DA:182,0
DA:183,0
DA:184,0
DA:185,0
DA:186,1
DA:187,1
DA:188,1
DA:189,1
DA:190,1
DA:191,2
DA:192,2
DA:193,2
DA:194,2
DA:195,1
DA:196,1
DA:197,2
DA:198,1
DA:199,1
DA:200,2
DA:201,1
DA:202,1
DA:203,2
DA:204,0
DA:205,0
DA:206,0
DA:207,0
DA:208,1
DA:209,1
DA:210,1
DA:211,1
DA:212,1
DA:213,2
DA:214,2
DA:215,2
DA:216,2
DA:217,0
DA:218,0
DA:219,0
DA:220,2
DA:221,2
DA:222,2
DA:223,1
DA:224,1
DA:225,1
DA:226,1
DA:227,1
DA:228,2
DA:229,2
DA:230,1
DA:231,1
DA:232,1
DA:233,1
DA:234,1
DA:235,0
DA:236,0
DA:237,1
DA:238,1
DA:239,1
DA:240,1
DA:241,1
DA:242,0
DA:243,0
DA:244,1
LF:244
LH:178
BRDA:30,0,0,4
BRDA:37,1,0,2
BRDA:44,2,0,3
BRDA:47,3,0,1
BRDA:53,4,0,2
BRDA:57,5,0,1
BRDA:72,6,0,0
BRDA:77,7,0,0
BRDA:93,8,0,2
BRDA:100,9,0,3
BRDA:105,10,0,1
BRDA:111,11,0,2
BRDA:115,12,0,1
BRDA:130,13,0,0
BRDA:136,14,0,0
BRDA:155,15,0,0
BRDA:169,16,0,2
BRDA:172,17,0,1
BRDA:174,18,0,0
BRDA:190,19,0,2
BRDA:191,20,0,0
BRDA:194,21,0,1
BRDA:197,22,0,0
BRDA:198,23,0,1
BRDA:200,24,0,0
BRDA:201,25,0,1
BRDA:203,26,0,1
BRDA:204,27,0,0
BRDA:212,28,0,2
BRDA:216,29,0,0
BRDA:227,30,0,2
BRDA:228,31,0,2
BRF:32
BRH:21
end_of_record
TN:
SF:src/services/usage-parsing.ts
FN:4,parseUsageResponsePure
FNF:1
FNH:1
FNDA:8,parseUsageResponsePure
DA:1,1
DA:2,1
DA:3,1
DA:4,8
DA:5,8
DA:6,6
DA:7,6
DA:8,6
DA:9,8
DA:10,1
DA:11,1
DA:12,1
DA:13,1
DA:14,1
DA:15,1
DA:16,1
DA:17,1
DA:18,1
DA:19,1
DA:20,5
DA:21,5
DA:22,5
DA:23,5
DA:24,1
DA:25,8
DA:26,1
DA:27,1
DA:28,1
DA:29,1
DA:30,1
DA:31,1
DA:32,1
DA:33,1
DA:34,1
DA:35,1
DA:36,4
DA:37,4
DA:38,8
DA:39,8
DA:40,2
DA:41,2
DA:42,2
DA:43,1
DA:44,2
DA:45,1
DA:46,1
DA:47,1
DA:48,1
DA:49,1
DA:50,1
DA:51,1
DA:52,1
DA:53,1
DA:54,2
DA:55,1
DA:56,1
DA:57,1
DA:58,1
DA:59,1
DA:60,1
DA:61,1
DA:62,1
DA:63,2
DA:64,2
DA:65,2
DA:66,8
DA:67,8
DA:68,8
DA:69,8
DA:70,1
DA:71,8
DA:72,1
DA:73,1
DA:74,1
DA:75,1
DA:76,1
DA:77,1
DA:78,1
DA:79,1
DA:80,1
DA:81,1
DA:82,1
DA:83,1
DA:84,8
DA:85,8
DA:86,8
DA:87,8
DA:88,8
DA:89,8
DA:90,8
DA:91,8
DA:92,8
DA:93,8
DA:94,8
DA:95,8
DA:96,8
DA:97,8
DA:98,8
DA:99,8
DA:100,8
DA:101,8
LF:101
LH:101
BRDA:4,0,0,8
BRDA:5,1,0,7
BRDA:5,2,0,2
BRDA:6,3,0,6
BRDA:9,4,0,1
BRDA:12,5,0,0
BRDA:20,6,0,5
BRDA:23,7,0,1
BRDA:25,8,0,1
BRDA:36,9,0,4
BRDA:38,10,0,2
BRDA:38,11,0,2
BRDA:39,12,0,2
BRDA:42,13,0,1
BRDA:44,14,0,1
BRDA:54,15,0,1
BRDA:60,16,0,0
BRDA:66,17,0,1
BRDA:66,18,0,1
BRDA:68,19,0,1
BRDA:69,20,0,1
BRDA:70,21,0,0
BRDA:71,22,0,1
BRDA:74,23,0,0
BRDA:77,24,0,0
BRDA:78,25,0,0
BRDA:78,26,0,0
BRDA:84,27,0,0
BRDA:84,28,0,0
BRDA:84,29,0,0
BRDA:84,30,0,0
BRDA:86,31,0,1
BRDA:87,32,0,1
BRDA:88,33,0,1
BRDA:89,34,0,0
BRDA:89,35,0,0
BRDA:93,36,0,0
BRDA:94,37,0,0
BRDA:95,38,0,1
BRDA:96,39,0,1
BRDA:97,40,0,1
BRDA:97,41,0,1
BRDA:98,42,0,1
BRDA:98,43,0,0
BRDA:99,44,0,1
BRF:45
BRH:29
end_of_record
TN:
SF:src/ui/status-bar-logic.ts
FN:7,formatCompact
FN:13,computePercentage
FN:18,computeValueText
FN:46,computeDisplayText
FN:57,computeStatusLevel
FN:66,buildTooltip
FN:125,computeStatusColor
FN:138,computeStatusColorEnhanced
FN:156,computeStatusColorsEnhanced
FN:187,computeStatusColorWithAccessibility
FN:234,computeStandardColors
FN:269,computeEnhancedReadabilityColors
FN:316,computeHighContrastColors
FN:351,applyColorSchemeAdjustments
FN:381,computeAccessibilityLabel
FNF:15
FNH:10
FNDA:2,formatCompact
FNDA:4,computePercentage
FNDA:3,computeValueText
FNDA:6,computeDisplayText
FNDA:0,computeStatusLevel
FNDA:3,buildTooltip
FNDA:10,computeStatusColor
FNDA:32,computeStatusColorEnhanced
FNDA:32,computeStatusColorsEnhanced
FNDA:0,computeStatusColorWithAccessibility
FNDA:32,computeStandardColors
FNDA:0,computeEnhancedReadabilityColors
FNDA:0,computeHighContrastColors
FNDA:32,applyColorSchemeAdjustments
FNDA:0,computeAccessibilityLabel
DA:1,1
DA:2,1
DA:3,1
DA:4,1
DA:5,1
DA:6,1
DA:7,2
DA:8,2
DA:9,2
DA:10,2
DA:11,2
DA:12,1
DA:13,4
DA:14,4
DA:15,2
DA:16,2
DA:17,1
DA:18,3
DA:19,3
DA:20,3
DA:21,3
DA:22,3
DA:23,3
DA:24,3
DA:25,3
DA:26,3
DA:27,3
DA:28,3
DA:29,3
DA:30,3
DA:31,0
DA:32,0
DA:33,3
DA:34,3
DA:35,3
DA:36,1
DA:37,3
DA:38,1
DA:39,3
DA:40,3
DA:41,1
DA:42,1
DA:43,3
DA:44,3
DA:45,1
DA:46,6
DA:47,6
DA:48,6
DA:49,6
DA:50,6
DA:51,6
DA:52,2
DA:53,2
DA:54,4
DA:55,4
DA:56,1
DA:57,0
DA:58,0
DA:59,0
DA:60,0
DA:61,0
DA:62,0
DA:63,0
DA:64,0
DA:65,1
DA:66,3
DA:67,3
DA:68,3
DA:69,3
DA:70,3
DA:71,3
DA:72,3
DA:73,3
DA:74,3
DA:75,3
DA:76,3
DA:77,3
DA:78,3
DA:79,3
DA:80,3
DA:81,3
DA:82,3
DA:83,2
DA:84,1
DA:85,1
DA:86,0
DA:87,1
DA:88,1
DA:89,1
DA:90,3
DA:91,1
DA:92,1
DA:93,0
DA:94,0
DA:95,3
DA:96,3
DA:97,3
DA:98,3
DA:99,3
DA:100,3
DA:101,2
DA:102,3
DA:103,3
DA:104,3
DA:105,3
DA:106,3
DA:107,3
DA:108,1
DA:109,1
DA:110,1
DA:111,1
DA:112,1
DA:113,1
DA:114,1
DA:115,1
DA:116,1
DA:117,1
DA:118,1
DA:119,1
DA:120,1
DA:121,1
DA:122,1
DA:123,1
DA:124,1
DA:125,10
DA:126,10
DA:127,10
DA:128,10
DA:129,10
DA:130,10
DA:131,10
DA:132,10
DA:133,10
DA:134,10
DA:135,10
DA:136,1
DA:137,1
DA:138,32
DA:139,32
DA:140,32
DA:141,32
DA:142,32
DA:143,32
DA:144,32
DA:145,32
DA:146,32
DA:147,32
DA:148,32
DA:149,32
DA:150,32
DA:151,32
DA:152,32
DA:153,32
DA:154,1
DA:155,1
DA:156,32
DA:157,32
DA:158,32
DA:159,32
DA:160,32
DA:161,32
DA:162,32
DA:163,32
DA:164,32
DA:165,32
DA:166,32
DA:167,32
DA:168,32
DA:169,0
DA:170,0
DA:171,0
DA:172,0
DA:173,0
DA:174,0
DA:175,0
DA:176,32
DA:177,32
DA:178,32
DA:179,0
DA:180,0
DA:181,32
DA:182,32
DA:183,32
DA:184,32
DA:185,1
DA:186,1
DA:187,0
DA:188,0
DA:189,0
DA:190,0
DA:191,0
DA:192,0
DA:193,0
DA:194,0
DA:195,0
DA:196,0
DA:197,0
DA:198,0
DA:199,0
DA:200,0
DA:201,0
DA:202,0
DA:203,0
DA:204,0
DA:205,0
DA:206,0
DA:207,0
DA:208,0
DA:209,0
DA:210,0
DA:211,0
DA:212,0
DA:213,0
DA:214,0
DA:215,0
DA:216,0
DA:217,0
DA:218,0
DA:219,0
DA:220,0
DA:221,0
DA:222,0
DA:223,0
DA:224,0
DA:225,0
DA:226,0
DA:227,0
DA:228,0
DA:229,0
DA:230,0
DA:231,0
DA:232,1
DA:233,1
DA:234,32
DA:235,32
DA:236,32
DA:237,32
DA:238,32
DA:239,32
DA:240,32
DA:241,7
DA:242,7
DA:243,25
DA:244,25
DA:245,32
DA:246,7
DA:247,7
DA:248,18
DA:249,18
DA:250,32
DA:251,7
DA:252,7
DA:253,11
DA:254,11
DA:255,32
DA:256,4
DA:257,4
DA:258,7
DA:259,7
DA:260,32
DA:261,3
DA:262,3
DA:263,4
DA:264,4
DA:265,4
DA:266,4
DA:267,1
DA:268,1
DA:269,0
DA:270,0
DA:271,0
DA:272,0
DA:273,0
DA:274,0
DA:275,0
DA:276,0
DA:277,0
DA:278,0
DA:279,0
DA:280,0
DA:281,0
DA:282,0
DA:283,0
DA:284,0
DA:285,0
DA:286,0
DA:287,0
DA:288,0
DA:289,0
DA:290,0
DA:291,0
DA:292,0
DA:293,0
DA:294,0
DA:295,0
DA:296,0
DA:297,0
DA:298,0
DA:299,0
DA:300,0
DA:301,0
DA:302,0
DA:303,0
DA:304,0
DA:305,0
DA:306,0
DA:307,0
DA:308,0
DA:309,0
DA:310,0
DA:311,0
DA:312,0
DA:313,0
DA:314,1
DA:315,1
DA:316,0
DA:317,0
DA:318,0
DA:319,0
DA:320,0
DA:321,0
DA:322,0
DA:323,0
DA:324,0
DA:325,0
DA:326,0
DA:327,0
DA:328,0
DA:329,0
DA:330,0
DA:331,0
DA:332,0
DA:333,0
DA:334,0
DA:335,0
DA:336,0
DA:337,0
DA:338,0
DA:339,0
DA:340,0
DA:341,0
DA:342,0
DA:343,0
DA:344,0
DA:345,0
DA:346,0
DA:347,0
DA:348,0
DA:349,1
DA:350,1
DA:351,32
DA:352,32
DA:353,32
DA:354,32
DA:355,32
DA:356,32
DA:357,4
DA:358,4
DA:359,4
DA:360,4
DA:361,4
DA:362,4
DA:363,4
DA:364,32
DA:365,32
DA:366,4
DA:367,4
DA:368,4
DA:369,4
DA:370,4
DA:371,4
DA:372,4
DA:373,32
DA:374,32
DA:375,32
DA:376,24
DA:377,24
DA:378,32
DA:379,32
DA:380,1
DA:381,0
DA:382,0
DA:383,0
DA:384,0
DA:385,0
DA:386,0
DA:387,0
DA:388,0
LF:388
LH:235
BRDA:7,0,0,2
BRDA:9,1,0,0
BRDA:10,2,0,0
BRDA:13,3,0,4
BRDA:14,4,0,2
BRDA:18,5,0,3
BRDA:30,6,0,0
BRDA:35,7,0,1
BRDA:37,8,0,1
BRDA:39,9,0,1
BRDA:40,10,0,1
BRDA:46,11,0,6
BRDA:51,12,0,2
BRDA:54,13,0,4
BRDA:66,14,0,3
BRDA:82,15,0,2
BRDA:83,16,0,1
BRDA:85,17,0,0
BRDA:90,18,0,1
BRDA:92,19,0,0
BRDA:99,20,0,1
BRDA:100,21,0,2
BRDA:102,22,0,0
BRDA:125,23,0,10
BRDA:138,24,0,32
BRDA:156,25,0,32
BRDA:168,26,0,0
BRDA:178,27,0,0
BRDA:234,28,0,32
BRDA:240,29,0,7
BRDA:243,30,0,25
BRDA:245,31,0,7
BRDA:248,32,0,18
BRDA:250,33,0,7
BRDA:253,34,0,11
BRDA:255,35,0,5
BRDA:255,36,0,4
BRDA:258,37,0,7
BRDA:260,38,0,3
BRDA:263,39,0,4
BRDA:351,40,0,32
BRDA:356,41,0,4
BRDA:365,42,0,4
BRDA:374,43,0,24
BRDA:375,44,0,24
BRF:45
BRH:37
end_of_record
TN:
SF:test-setup/unit-vscode-stub.js
FN:4,Module._load
FN:8,getConfiguration
FN:13,createOutputChannel
FN:27,info
FN:28,warn
FN:29,error
FN:40,AugmeterError
FN:48,network
FN:51,validation
FNF:9
FNH:6
FNDA:486,Module._load
FNDA:0,getConfiguration
FNDA:0,createOutputChannel
FNDA:14,info
FNDA:4,warn
FNDA:0,error
FNDA:4,AugmeterError
FNDA:3,network
FNDA:1,validation
DA:1,1
DA:2,1
DA:3,1
DA:4,1
DA:5,486
DA:6,0
DA:7,0
DA:8,0
DA:9,0
DA:10,0
DA:11,0
DA:12,0
DA:13,0
DA:14,0
DA:15,0
DA:16,0
DA:17,0
DA:18,0
DA:19,0
DA:20,486
DA:21,486
DA:22,486
DA:23,486
DA:24,486
DA:25,2
DA:26,2
DA:27,2
DA:28,2
DA:29,2
DA:30,2
DA:31,2
DA:32,2
DA:33,484
DA:34,486
DA:35,486
DA:36,483
DA:37,486
DA:38,3
DA:39,1
DA:40,1
DA:41,4
DA:42,4
DA:43,4
DA:44,4
DA:45,4
DA:46,4
DA:47,4
DA:48,1
DA:49,3
DA:50,3
DA:51,1
DA:52,1
DA:53,1
DA:54,1
DA:55,1
DA:56,1
DA:57,3
DA:58,3
DA:59,481
DA:60,1
LF:60
LH:46
BRDA:1,0,0,1
BRDA:4,1,0,486
BRDA:5,2,0,0
BRDA:24,3,0,2
BRDA:33,4,0,484
BRDA:34,5,0,483
BRDA:35,6,0,483
BRDA:37,7,0,3
BRDA:38,8,0,1
BRDA:59,9,0,481
BRDA:27,10,0,14
BRDA:28,11,0,4
BRDA:40,12,0,4
BRDA:48,13,0,3
BRDA:51,14,0,1
BRF:15
BRH:14
end_of_record
